<?xml version="1.0" encoding="UTF-8"?>
<testsuite name="BullsCowsTest" tests="1" skipped="0" failures="0" errors="0" timestamp="2020-12-22T13:52:50" hostname="archer-1513-I7" time="0.106">
  <properties/>
  <testcase name="start" classname="BullsCowsTest" time="0.106"/>
  <system-out><![CDATA[?[1;31m
Start test 1?[0m
The secret code is prepared: ****.
Turn 1. Answer:
> 3601
Grade: 1 bull and 1 cow. The secret code is 9305.
Turn 2. Answer:
Why 9305? Make your own secret number :)
?[1;31m
Start test 2?[0m
The secret code is prepared: ****.
Turn 1. Answer:
> 9305
Grade: 4 bulls. The secret code is 9305.
Congrats! The secret code is 9305.
Why 9305? Make your own secret number :)
?[1;31m
Start test 3?[0m
The secret code is prepared: ****.
Turn 1. Answer:
> 1246
Grade: None. The secret code is 9305.
Turn 2. Answer:
Why 9305? Make your own secret number :)
]]></system-out>
  <system-err><![CDATA[]]></system-err>
</testsuite>
